# JRE version: Java(TM) SE Runtime Environment (7.0_79-b15) (build 1.7.0_79-b15)
# Java VM: Java HotSpot(TM) 64-Bit Server VM (24.79-b02 mixed mode windows-amd64 compressed oops)
Heap
 PSYoungGen      total 71680K, used 17747K [0x00000007d5c00000, 0x00000007de800000, 0x0000000800000000)
  eden space 66560K, 19% used [0x00000007d5c00000,0x00000007d685a208,0x00000007d9d00000)
  from space 5120K, 99% used [0x00000007d9d00000,0x00000007da1facc0,0x00000007da200000)
  to   space 5120K, 0% used [0x00000007de300000,0x00000007de300000,0x00000007de800000)
 ParOldGen       total 86528K, used 4130K [0x0000000781400000, 0x0000000786880000, 0x00000007d5c00000)
  object space 86528K, 4% used [0x0000000781400000,0x0000000781808b58,0x0000000786880000)
 PSPermGen       total 21504K, used 13332K [0x0000000761400000, 0x0000000762900000, 0x0000000781400000)
  object space 21504K, 61% used [0x0000000761400000,0x0000000762105030,0x0000000762900000)
GC Heap History (6 events):
Event: 0.605 GC heap before
{Heap before GC invocations=1 (full 0):
 PSYoungGen      total 38400K, used 33280K [0x00000007d5c00000, 0x00000007d8680000, 0x0000000800000000)
  eden space 33280K, 100% used [0x00000007d5c00000,0x00000007d7c80000,0x00000007d7c80000)
  from space 5120K, 0% used [0x00000007d8180000,0x00000007d8180000,0x00000007d8680000)
  to   space 5120K, 0% used [0x00000007d7c80000,0x00000007d7c80000,0x00000007d8180000)
 ParOldGen       total 86528K, used 0K [0x0000000781400000, 0x0000000786880000, 0x00000007d5c00000)
  object space 86528K, 0% used [0x0000000781400000,0x0000000781400000,0x0000000786880000)
 PSPermGen       total 21504K, used 5776K [0x0000000761400000, 0x0000000762900000, 0x0000000781400000)
  object space 21504K, 26% used [0x0000000761400000,0x00000007619a4030,0x0000000762900000)
Event: 0.621 GC heap after
Heap after GC invocations=1 (full 0):
 PSYoungGen      total 38400K, used 2970K [0x00000007d5c00000, 0x00000007da700000, 0x0000000800000000)
  eden space 33280K, 0% used [0x00000007d5c00000,0x00000007d5c00000,0x00000007d7c80000)
  from space 5120K, 58% used [0x00000007d7c80000,0x00000007d7f66988,0x00000007d8180000)
  to   space 5120K, 0% used [0x00000007da200000,0x00000007da200000,0x00000007da700000)
 ParOldGen       total 86528K, used 8K [0x0000000781400000, 0x0000000786880000, 0x00000007d5c00000)
  object space 86528K, 0% used [0x0000000781400000,0x0000000781402000,0x0000000786880000)
 PSPermGen       total 21504K, used 5776K [0x0000000761400000, 0x0000000762900000, 0x0000000781400000)
  object space 21504K, 26% used [0x0000000761400000,0x00000007619a4030,0x0000000762900000)
}
Event: 0.914 GC heap before
{Heap before GC invocations=2 (full 0):
 PSYoungGen      total 38400K, used 36250K [0x00000007d5c00000, 0x00000007da700000, 0x0000000800000000)
  eden space 33280K, 100% used [0x00000007d5c00000,0x00000007d7c80000,0x00000007d7c80000)
  from space 5120K, 58% used [0x00000007d7c80000,0x00000007d7f66988,0x00000007d8180000)
  to   space 5120K, 0% used [0x00000007da200000,0x00000007da200000,0x00000007da700000)
 ParOldGen       total 86528K, used 8K [0x0000000781400000, 0x0000000786880000, 0x00000007d5c00000)
  object space 86528K, 0% used [0x0000000781400000,0x0000000781402000,0x0000000786880000)
 PSPermGen       total 21504K, used 8359K [0x0000000761400000, 0x0000000762900000, 0x0000000781400000)
  object space 21504K, 38% used [0x0000000761400000,0x0000000761c29ea0,0x0000000762900000)
Event: 0.918 GC heap after
Heap after GC invocations=2 (full 0):
 PSYoungGen      total 71680K, used 3750K [0x00000007d5c00000, 0x00000007da700000, 0x0000000800000000)
  eden space 66560K, 0% used [0x00000007d5c00000,0x00000007d5c00000,0x00000007d9d00000)
  from space 5120K, 73% used [0x00000007da200000,0x00000007da5a9868,0x00000007da700000)
  to   space 5120K, 0% used [0x00000007d9d00000,0x00000007d9d00000,0x00000007da200000)
 ParOldGen       total 86528K, used 16K [0x0000000781400000, 0x0000000786880000, 0x00000007d5c00000)
  object space 86528K, 0% used [0x0000000781400000,0x0000000781404000,0x0000000786880000)
 PSPermGen       total 21504K, used 8359K [0x0000000761400000, 0x0000000762900000, 0x0000000781400000)
  object space 21504K, 38% used [0x0000000761400000,0x0000000761c29ea0,0x0000000762900000)
}
Event: 1.733 GC heap before
{Heap before GC invocations=3 (full 0):
 PSYoungGen      total 71680K, used 70310K [0x00000007d5c00000, 0x00000007da700000, 0x0000000800000000)
  eden space 66560K, 100% used [0x00000007d5c00000,0x00000007d9d00000,0x00000007d9d00000)
  from space 5120K, 73% used [0x00000007da200000,0x00000007da5a9868,0x00000007da700000)
  to   space 5120K, 0% used [0x00000007d9d00000,0x00000007d9d00000,0x00000007da200000)
 ParOldGen       total 86528K, used 16K [0x0000000781400000, 0x0000000786880000, 0x00000007d5c00000)
  object space 86528K, 0% used [0x0000000781400000,0x0000000781404000,0x0000000786880000)
 PSPermGen       total 21504K, used 12737K [0x0000000761400000, 0x0000000762900000, 0x0000000781400000)
  object space 21504K, 59% used [0x0000000761400000,0x0000000762070550,0x0000000762900000)
Event: 1.743 GC heap after
Heap after GC invocations=3 (full 0):
 PSYoungGen      total 71680K, used 5099K [0x00000007d5c00000, 0x00000007de800000, 0x0000000800000000)
  eden space 66560K, 0% used [0x00000007d5c00000,0x00000007d5c00000,0x00000007d9d00000)
  from space 5120K, 99% used [0x00000007d9d00000,0x00000007da1facc0,0x00000007da200000)
  to   space 5120K, 0% used [0x00000007de300000,0x00000007de300000,0x00000007de800000)
 ParOldGen       total 86528K, used 4130K [0x0000000781400000, 0x0000000786880000, 0x00000007d5c00000)
  object space 86528K, 4% used [0x0000000781400000,0x0000000781808b58,0x0000000786880000)
 PSPermGen       total 21504K, used 12737K [0x0000000761400000, 0x0000000762900000, 0x0000000781400000)
  object space 21504K, 59% used [0x0000000761400000,0x0000000762070550,0x0000000762900000)
}

